<?xml version="1.0" encoding="UTF-8"?>
<testsuite name="TestSuite" time="3.447" tests="6" errors="0" skipped="0" failures="2">
  <properties>
[...]
</properties>
  <testcase name="runScenario" classname="testRunners.TestRunner" time="1.61"/>
  <testcase name="runScenario" classname="testRunners.TestRunner" time="0.671"/>
  <testcase name="runScenario" classname="testRunners.TestRunner" time="0.245">
    <failure message="The following asserts failed:&#10;	Status Check Passed - Supposed to be failed!!!" type="java.lang.AssertionError">java.lang.AssertionError: The following asserts failed:
	Status Check Passed - Supposed to be failed!!!
	at org.testng.asserts.SoftAssert.assertAll(SoftAssert.java:43)
	at stepDefinition.test.checkResponseStatusIsNot200(test.java:71)
	at ✽.I validate response is not successfull(file:src/test/resources/features/test.feature:36)
</failure>
    <system-out><![CDATA[&amp#27;[32m.&amp#27;[0m&amp#27;[32m.&amp#27;[0m&amp#27;[32m.&amp#27;[0m&amp#27;[32m.&amp#27;[0m&amp#27;[32m.&amp#27;[0m&amp#27;[32m.&amp#27;[0m&amp#27;[32m.&amp#27;[0m&amp#27;[32m.&amp#27;[0m&amp#27;[31mF&amp#27;[0m]]></system-out>
  </testcase>
  <testcase name="runScenario" classname="testRunners.TestRunner" time="0.326"/>
  <testcase name="runScenario" classname="testRunners.TestRunner" time="0.312"/>
  <testcase name="runScenario" classname="testRunners.TestRunner" time="0.283">
    <failure message="The following asserts failed:&#10;	Status Check Passed - Supposed to be failed!!!" type="java.lang.AssertionError">java.lang.AssertionError: The following asserts failed:
	Status Check Passed - Supposed to be failed!!!
	at org.testng.asserts.SoftAssert.assertAll(SoftAssert.java:43)
	at stepDefinition.test.checkResponseStatusIsNot200(test.java:71)
	at ✽.I validate response is not successfull(file:src/test/resources/features/test2.feature:36)
</failure>
    <system-out><![CDATA[&amp#27;[32m.&amp#27;[0m&amp#27;[32m.&amp#27;[0m&amp#27;[32m.&amp#27;[0m&amp#27;[32m.&amp#27;[0m&amp#27;[32m.&amp#27;[0m&amp#27;[32m.&amp#27;[0m&amp#27;[32m.&amp#27;[0m&amp#27;[32m.&amp#27;[0m&amp#27;[31mF&amp#27;[0m]]></system-out>
  </testcase>
</testsuite>